

InitArray
-------------


PrintNode
-------------
label = FieldDecl
id = 0


PrintNode
-------------
label = int
id = 1


PrintEdge
-------------
id1 = 0
id2 = 1


PrintNode
-------------
label = x
id = 2


PrintEdge
-------------
id1 = 0
id2 = 2


ExtendArray
-------------
size = 0
val = 0


PrintNode
-------------
label = InitedFieldDecl
id = 3


PrintNode
-------------
label = int
id = 4


PrintEdge
-------------
id1 = 3
id2 = 4


PrintNode
-------------
label = c
id = 5


PrintEdge
-------------
id1 = 3
id2 = 5


PrintNode
-------------
label = 4
id = 6


PrintEdge
-------------
id1 = 3
id2 = 6


ExtendArray
-------------
size = 1
val = 3


InitArray
-------------


InitArray
-------------


PrintNode
-------------
label = VarDecl
id = 7


PrintNode
-------------
label = int
id = 8


PrintEdge
-------------
id1 = 7
id2 = 8


PrintNode
-------------
label = a
id = 9


PrintEdge
-------------
id1 = 7
id2 = 9


PrintNode
-------------
label = b
id = 10


PrintEdge
-------------
id1 = 7
id2 = 10


PrintNode
-------------
label = d
id = 11


PrintEdge
-------------
id1 = 7
id2 = 11


ExtendArray
-------------
size = 0
val = 7


PrintNode
-------------
label = Seq
id = 12


PrintEdge
-------------
id1 = 12
id2 = 0


PrintEdge
-------------
id1 = 12
id2 = 0


PrintNode
-------------
label = Block
id = 13


PrintNode
-------------
label = VarDecls
id = 14


PrintEdges
-------------
id = 14
size = 1


PrintEdge
-------------
id1 = 14
id2 = 7


PrintEdge
-------------
id1 = 13
id2 = 14


PrintEdge
-------------
id1 = 13
id2 = 12


PrintNode
-------------
label = MethodDecl
id = 15


PrintNode
-------------
label = void
id = 16


PrintEdge
-------------
id1 = 15
id2 = 16


PrintNode
-------------
label = init
id = 17


PrintEdge
-------------
id1 = 15
id2 = 17


PrintEdge
-------------
id1 = 15
id2 = -1


PrintEdge
-------------
id1 = 15
id2 = 13


ExtendArray
-------------
size = 0
val = 15


PrintNode
-------------
label = Program
id = 18


PrintNode
-------------
label = FieldDecls
id = 19


PrintEdges
-------------
id = 19
size = 2


PrintEdge
-------------
id1 = 19
id2 = 0


PrintEdge
-------------
id1 = 19
id2 = 3


PrintEdge
-------------
id1 = 18
id2 = 19


PrintNode
-------------
label = MethodDecls
id = 20


PrintEdges
-------------
id = 20
size = 1


PrintEdge
-------------
id1 = 20
id2 = 15


PrintEdge
-------------
id1 = 18
id2 = 20


PrintGraph
-------------
digraph G {
ordering=out
0 [label="FieldDecl"]
1 [label="int"]
0 -> 1
2 [label="x"]
0 -> 2
3 [label="InitedFieldDecl"]
4 [label="int"]
3 -> 4
5 [label="c"]
3 -> 5
6 [label="4"]
3 -> 6
7 [label="VarDecl"]
8 [label="int"]
7 -> 8
9 [label="a"]
7 -> 9
10 [label="b"]
7 -> 10
11 [label="d"]
7 -> 11
12 [label="Seq"]
12 -> 0
12 -> 0
13 [label="Block"]
14 [label="VarDecls"]
14 -> 7
13 -> 14
13 -> 12
15 [label="MethodDecl"]
16 [label="void"]
15 -> 16
17 [label="init"]
15 -> 17
15 -> 13
18 [label="Program"]
19 [label="FieldDecls"]
19 -> 0
19 -> 3
18 -> 19
20 [label="MethodDecls"]
20 -> 15
18 -> 20

}

